[2025-04-18T01:42:05.035+0000] {local_task_job_runner.py:123} INFO - ::group::Pre task execution logs
[2025-04-18T01:42:05.043+0000] {taskinstance.py:2613} INFO - Dependencies all met for dep_context=non-requeueable deps ti=<TaskInstance: ihg_hotels_dag.scrape_hotels scheduled__2025-04-16T01:45:00+00:00 [queued]>
[2025-04-18T01:42:05.048+0000] {taskinstance.py:2613} INFO - Dependencies all met for dep_context=requeueable deps ti=<TaskInstance: ihg_hotels_dag.scrape_hotels scheduled__2025-04-16T01:45:00+00:00 [queued]>
[2025-04-18T01:42:05.048+0000] {taskinstance.py:2866} INFO - Starting attempt 1 of 1
[2025-04-18T01:42:05.056+0000] {taskinstance.py:2889} INFO - Executing <Task(PythonOperator): scrape_hotels> on 2025-04-16 01:45:00+00:00
[2025-04-18T01:42:05.063+0000] {warnings.py:112} WARNING - /home/***/.local/lib/python3.12/site-packages/***/task/task_runner/standard_task_runner.py:70: DeprecationWarning: This process (pid=222) is multi-threaded, use of fork() may lead to deadlocks in the child.
  pid = os.fork()

[2025-04-18T01:42:05.064+0000] {standard_task_runner.py:72} INFO - Started process 231 to run task
[2025-04-18T01:42:05.065+0000] {standard_task_runner.py:104} INFO - Running: ['***', 'tasks', 'run', 'ihg_hotels_dag', 'scrape_hotels', 'scheduled__2025-04-16T01:45:00+00:00', '--job-id', '4', '--raw', '--subdir', 'DAGS_FOLDER/hotel_scrape_dag.py', '--cfg-path', '/tmp/tmpic6l5p4i']
[2025-04-18T01:42:05.067+0000] {standard_task_runner.py:105} INFO - Job 4: Subtask scrape_hotels
[2025-04-18T01:42:05.104+0000] {task_command.py:467} INFO - Running <TaskInstance: ihg_hotels_dag.scrape_hotels scheduled__2025-04-16T01:45:00+00:00 [running]> on host a8651540ef5d
[2025-04-18T01:42:05.163+0000] {taskinstance.py:3132} INFO - Exporting env vars: AIRFLOW_CTX_DAG_OWNER='***' AIRFLOW_CTX_DAG_ID='ihg_hotels_dag' AIRFLOW_CTX_TASK_ID='scrape_hotels' AIRFLOW_CTX_EXECUTION_DATE='2025-04-16T01:45:00+00:00' AIRFLOW_CTX_TRY_NUMBER='1' AIRFLOW_CTX_DAG_RUN_ID='scheduled__2025-04-16T01:45:00+00:00'
[2025-04-18T01:42:05.167+0000] {taskinstance.py:731} INFO - ::endgroup::
[2025-04-18T01:42:05.181+0000] {hotel_scrape_dag.py:81} INFO - Starting hotel scraping process
[2025-04-18T01:42:05.181+0000] {hotel_scrape_dag.py:85} INFO - Attempting to scrape using known hotel URLs
[2025-04-18T01:42:05.182+0000] {hotel_scrape_dag.py:155} INFO - Scraping known hotels for New York
[2025-04-18T01:42:05.182+0000] {hotel_scrape_dag.py:166} INFO - Scraping Holiday Inn Manhattan-Financial District at https://www.ihg.com/holidayinn/hotels/us/en/nycmk/hoteldetail
[2025-04-18T01:42:05.275+0000] {hotel_scrape_dag.py:169} INFO - Request returned status: 403
[2025-04-18T01:42:06.497+0000] {hotel_scrape_dag.py:166} INFO - Scraping Holiday Inn New York City - Times Square at https://www.ihg.com/holidayinn/hotels/us/en/nycre/hoteldetail
[2025-04-18T01:42:06.581+0000] {hotel_scrape_dag.py:169} INFO - Request returned status: 403
[2025-04-18T01:42:07.911+0000] {hotel_scrape_dag.py:166} INFO - Scraping InterContinental New York Times Square at https://www.ihg.com/intercontinental/hotels/us/en/nycic/hoteldetail
[2025-04-18T01:42:07.984+0000] {hotel_scrape_dag.py:169} INFO - Request returned status: 403
[2025-04-18T01:42:09.818+0000] {hotel_scrape_dag.py:166} INFO - Scraping Kimpton Hotel Eventi at https://www.ihg.com/kimpton/hotels/us/en/nycxn/hoteldetail
[2025-04-18T01:42:09.892+0000] {hotel_scrape_dag.py:169} INFO - Request returned status: 403
[2025-04-18T01:42:11.685+0000] {hotel_scrape_dag.py:240} INFO - Added 0 hotels for New York
[2025-04-18T01:42:11.686+0000] {hotel_scrape_dag.py:155} INFO - Scraping known hotels for San Francisco
[2025-04-18T01:42:11.686+0000] {hotel_scrape_dag.py:166} INFO - Scraping Holiday Inn San Francisco-Golden Gateway at https://www.ihg.com/holidayinn/hotels/us/en/sfogg/hoteldetail
[2025-04-18T01:42:11.792+0000] {hotel_scrape_dag.py:169} INFO - Request returned status: 403
[2025-04-18T01:42:13.061+0000] {hotel_scrape_dag.py:166} INFO - Scraping Holiday Inn Express San Francisco Union Square at https://www.ihg.com/holidayinn/hotels/us/en/sfofn/hoteldetail
[2025-04-18T01:42:13.149+0000] {hotel_scrape_dag.py:169} INFO - Request returned status: 403
[2025-04-18T01:42:15.104+0000] {hotel_scrape_dag.py:166} INFO - Scraping InterContinental San Francisco at https://www.ihg.com/intercontinental/hotels/us/en/sfofs/hoteldetail
[2025-04-18T01:42:15.186+0000] {hotel_scrape_dag.py:169} INFO - Request returned status: 403
[2025-04-18T01:42:16.950+0000] {hotel_scrape_dag.py:240} INFO - Added 0 hotels for San Francisco
[2025-04-18T01:42:16.952+0000] {hotel_scrape_dag.py:155} INFO - Scraping known hotels for Chicago
[2025-04-18T01:42:16.953+0000] {hotel_scrape_dag.py:166} INFO - Scraping Holiday Inn Chicago Downtown at https://www.ihg.com/holidayinn/hotels/us/en/chidw/hoteldetail
[2025-04-18T01:42:17.040+0000] {hotel_scrape_dag.py:169} INFO - Request returned status: 403
[2025-04-18T01:42:18.544+0000] {hotel_scrape_dag.py:166} INFO - Scraping Holiday Inn Chicago-Mart Plaza River North at https://www.ihg.com/holidayinn/hotels/us/en/chird/hoteldetail
[2025-04-18T01:42:18.613+0000] {hotel_scrape_dag.py:169} INFO - Request returned status: 403
[2025-04-18T01:42:19.794+0000] {hotel_scrape_dag.py:166} INFO - Scraping InterContinental Chicago Magnificent Mile at https://www.ihg.com/intercontinental/hotels/us/en/chimg/hoteldetail
[2025-04-18T01:42:19.872+0000] {hotel_scrape_dag.py:169} INFO - Request returned status: 403
[2025-04-18T01:42:21.659+0000] {hotel_scrape_dag.py:240} INFO - Added 0 hotels for Chicago
[2025-04-18T01:42:21.662+0000] {hotel_scrape_dag.py:155} INFO - Scraping known hotels for Seattle
[2025-04-18T01:42:21.663+0000] {hotel_scrape_dag.py:166} INFO - Scraping Holiday Inn Seattle Downtown at https://www.ihg.com/holidayinn/hotels/us/en/seasc/hoteldetail
[2025-04-18T01:42:21.750+0000] {hotel_scrape_dag.py:169} INFO - Request returned status: 403
[2025-04-18T01:42:23.621+0000] {hotel_scrape_dag.py:166} INFO - Scraping Crowne Plaza Seattle-Downtown at https://www.ihg.com/crowneplaza/hotels/us/en/seatc/hoteldetail
[2025-04-18T01:42:23.707+0000] {hotel_scrape_dag.py:169} INFO - Request returned status: 403
[2025-04-18T01:42:24.872+0000] {hotel_scrape_dag.py:240} INFO - Added 0 hotels for Seattle
[2025-04-18T01:42:24.874+0000] {hotel_scrape_dag.py:155} INFO - Scraping known hotels for Las Vegas
[2025-04-18T01:42:24.874+0000] {hotel_scrape_dag.py:166} INFO - Scraping Holiday Inn Club Vacations At Desert Club Resort at https://www.ihg.com/holidayinnclub/hotels/us/en/lasvs/hoteldetail
[2025-04-18T01:42:24.954+0000] {hotel_scrape_dag.py:169} INFO - Request returned status: 403
[2025-04-18T01:42:26.679+0000] {hotel_scrape_dag.py:166} INFO - Scraping Holiday Inn Express Las Vegas South at https://www.ihg.com/holidayinn/hotels/us/en/lashn/hoteldetail
[2025-04-18T01:42:26.763+0000] {hotel_scrape_dag.py:169} INFO - Request returned status: 403
[2025-04-18T01:42:28.476+0000] {hotel_scrape_dag.py:240} INFO - Added 0 hotels for Las Vegas
[2025-04-18T01:42:28.477+0000] {hotel_scrape_dag.py:155} INFO - Scraping known hotels for Los Angeles
[2025-04-18T01:42:28.477+0000] {hotel_scrape_dag.py:166} INFO - Scraping Holiday Inn Los Angeles - LAX Airport at https://www.ihg.com/holidayinn/hotels/us/en/laxap/hoteldetail
[2025-04-18T01:42:28.541+0000] {hotel_scrape_dag.py:169} INFO - Request returned status: 403
[2025-04-18T01:42:29.631+0000] {hotel_scrape_dag.py:166} INFO - Scraping Holiday Inn Los Angeles - Hollywood Walk of Fame at https://www.ihg.com/holidayinn/hotels/us/en/laxbr/hoteldetail
[2025-04-18T01:42:29.713+0000] {hotel_scrape_dag.py:169} INFO - Request returned status: 403
[2025-04-18T01:42:30.890+0000] {hotel_scrape_dag.py:166} INFO - Scraping InterContinental Los Angeles Downtown at https://www.ihg.com/intercontinental/hotels/us/en/laxdt/hoteldetail
[2025-04-18T01:42:30.965+0000] {hotel_scrape_dag.py:169} INFO - Request returned status: 403
[2025-04-18T01:42:32.659+0000] {hotel_scrape_dag.py:240} INFO - Added 0 hotels for Los Angeles
[2025-04-18T01:42:32.660+0000] {hotel_scrape_dag.py:95} INFO - Attempting to scrape with API
[2025-04-18T01:42:32.661+0000] {hotel_scrape_dag.py:256} INFO - Scraping New York with API
[2025-04-18T01:42:32.661+0000] {hotel_scrape_dag.py:271} INFO - Trying API endpoint: https://www.ihg.com/api/hotels/nearby?location=New%20York%2C%20NY&radius=20
[2025-04-18T01:42:32.738+0000] {hotel_scrape_dag.py:274} INFO - API response status: 403
[2025-04-18T01:42:32.739+0000] {hotel_scrape_dag.py:271} INFO - Trying API endpoint: https://www.ihg.com/api/hoteldetails/new-york-ny
[2025-04-18T01:42:32.844+0000] {hotel_scrape_dag.py:274} INFO - API response status: 403
[2025-04-18T01:42:32.845+0000] {hotel_scrape_dag.py:271} INFO - Trying API endpoint: https://www.ihg.com/hotels/us/en/find-hotels/api/v1/search/geo?q=New%20York%2C%20NY
[2025-04-18T01:42:32.917+0000] {hotel_scrape_dag.py:274} INFO - API response status: 403
[2025-04-18T01:42:32.917+0000] {hotel_scrape_dag.py:331} INFO - Added 0 hotels for New York using API
[2025-04-18T01:42:34.031+0000] {hotel_scrape_dag.py:256} INFO - Scraping San Francisco with API
[2025-04-18T01:42:34.032+0000] {hotel_scrape_dag.py:271} INFO - Trying API endpoint: https://www.ihg.com/api/hotels/nearby?location=San%20Francisco%2C%20CA&radius=20
[2025-04-18T01:42:34.122+0000] {hotel_scrape_dag.py:274} INFO - API response status: 403
[2025-04-18T01:42:34.123+0000] {hotel_scrape_dag.py:271} INFO - Trying API endpoint: https://www.ihg.com/api/hoteldetails/san-francisco-ca
[2025-04-18T01:42:34.201+0000] {hotel_scrape_dag.py:274} INFO - API response status: 403
[2025-04-18T01:42:34.202+0000] {hotel_scrape_dag.py:271} INFO - Trying API endpoint: https://www.ihg.com/hotels/us/en/find-hotels/api/v1/search/geo?q=San%20Francisco%2C%20CA
[2025-04-18T01:42:34.327+0000] {hotel_scrape_dag.py:274} INFO - API response status: 403
[2025-04-18T01:42:34.328+0000] {hotel_scrape_dag.py:331} INFO - Added 0 hotels for San Francisco using API
[2025-04-18T01:42:35.367+0000] {local_task_job_runner.py:346} WARNING - State of this instance has been externally set to None. Terminating instance.
[2025-04-18T01:42:35.369+0000] {local_task_job_runner.py:245} INFO - ::endgroup::
[2025-04-18T01:42:35.369+0000] {process_utils.py:132} INFO - Sending 15 to group 231. PIDs of all processes in the group: [231]
[2025-04-18T01:42:35.369+0000] {process_utils.py:87} INFO - Sending the signal 15 to group 231
[2025-04-18T01:42:35.370+0000] {taskinstance.py:3093} ERROR - Received SIGTERM. Terminating subprocesses.
[2025-04-18T01:42:35.374+0000] {taskinstance.py:3311} ERROR - Task failed with exception
Traceback (most recent call last):
  File "/home/airflow/.local/lib/python3.12/site-packages/airflow/models/taskinstance.py", line 767, in _execute_task
    result = _execute_callable(context=context, **execute_callable_kwargs)
             ^^^^^^^^^^^^^^^^^^^^^^^^^^^^^^^^^^^^^^^^^^^^^^^^^^^^^^^^^^^^^
  File "/home/airflow/.local/lib/python3.12/site-packages/airflow/models/taskinstance.py", line 733, in _execute_callable
    return ExecutionCallableRunner(
           ^^^^^^^^^^^^^^^^^^^^^^^^
  File "/home/airflow/.local/lib/python3.12/site-packages/airflow/utils/operator_helpers.py", line 252, in run
    return self.func(*args, **kwargs)
           ^^^^^^^^^^^^^^^^^^^^^^^^^^
  File "/home/airflow/.local/lib/python3.12/site-packages/airflow/models/baseoperator.py", line 422, in wrapper
    return func(self, *args, **kwargs)
           ^^^^^^^^^^^^^^^^^^^^^^^^^^^
  File "/home/airflow/.local/lib/python3.12/site-packages/airflow/operators/python.py", line 238, in execute
    return_value = self.execute_callable()
                   ^^^^^^^^^^^^^^^^^^^^^^^
  File "/home/airflow/.local/lib/python3.12/site-packages/airflow/operators/python.py", line 256, in execute_callable
    return runner.run(*self.op_args, **self.op_kwargs)
           ^^^^^^^^^^^^^^^^^^^^^^^^^^^^^^^^^^^^^^^^^^^
  File "/home/airflow/.local/lib/python3.12/site-packages/airflow/utils/operator_helpers.py", line 252, in run
    return self.func(*args, **kwargs)
           ^^^^^^^^^^^^^^^^^^^^^^^^^^
  File "/opt/airflow/dags/hotel_scrape_dag.py", line 476, in run_scraping
    return scrape_hotels()
           ^^^^^^^^^^^^^^^
  File "/opt/airflow/dags/hotel_scrape_dag.py", line 96, in scrape_hotels
    api_hotels = scrape_with_api()
                 ^^^^^^^^^^^^^^^^^
  File "/opt/airflow/dags/hotel_scrape_dag.py", line 333, in scrape_with_api
    time.sleep(random.uniform(1, 3))
  File "/home/airflow/.local/lib/python3.12/site-packages/airflow/models/taskinstance.py", line 3095, in signal_handler
    raise AirflowTaskTerminated("Task received SIGTERM signal")
airflow.exceptions.AirflowTaskTerminated: Task received SIGTERM signal
[2025-04-18T01:42:35.377+0000] {taskinstance.py:1225} INFO - Marking task as FAILED. dag_id=ihg_hotels_dag, task_id=scrape_hotels, run_id=scheduled__2025-04-16T01:45:00+00:00, execution_date=20250416T014500, start_date=20250418T014205, end_date=20250418T014235
[2025-04-18T01:42:35.382+0000] {taskinstance.py:340} INFO - ::group::Post task execution logs
[2025-04-18T01:42:35.382+0000] {standard_task_runner.py:124} ERROR - Failed to execute job 4 for task scrape_hotels ((psycopg2.errors.ForeignKeyViolation) insert or update on table "task_fail" violates foreign key constraint "task_fail_ti_fkey"
DETAIL:  Key (dag_id, task_id, run_id, map_index)=(ihg_hotels_dag, scrape_hotels, scheduled__2025-04-16T01:45:00+00:00, -1) is not present in table "task_instance".

[SQL: INSERT INTO task_fail (task_id, dag_id, run_id, map_index, start_date, end_date, duration) VALUES (%(task_id)s, %(dag_id)s, %(run_id)s, %(map_index)s, %(start_date)s, %(end_date)s, %(duration)s) RETURNING task_fail.id]
[parameters: {'task_id': 'scrape_hotels', 'dag_id': 'ihg_hotels_dag', 'run_id': 'scheduled__2025-04-16T01:45:00+00:00', 'map_index': -1, 'start_date': datetime.datetime(2025, 4, 18, 1, 42, 5, 44652, tzinfo=Timezone('UTC')), 'end_date': datetime.datetime(2025, 4, 18, 1, 42, 35, 376694, tzinfo=Timezone('UTC')), 'duration': 30}]
(Background on this error at: https://sqlalche.me/e/14/gkpj); 231)
Traceback (most recent call last):
  File "/home/airflow/.local/lib/python3.12/site-packages/airflow/models/taskinstance.py", line 273, in _run_raw_task
    TaskInstance._execute_task_with_callbacks(
  File "/home/airflow/.local/lib/python3.12/site-packages/airflow/models/taskinstance.py", line 3159, in _execute_task_with_callbacks
    result = self._execute_task(context, task_orig)
             ^^^^^^^^^^^^^^^^^^^^^^^^^^^^^^^^^^^^^^
  File "/home/airflow/.local/lib/python3.12/site-packages/airflow/models/taskinstance.py", line 3183, in _execute_task
    return _execute_task(self, context, task_orig)
           ^^^^^^^^^^^^^^^^^^^^^^^^^^^^^^^^^^^^^^^
  File "/home/airflow/.local/lib/python3.12/site-packages/airflow/models/taskinstance.py", line 767, in _execute_task
    result = _execute_callable(context=context, **execute_callable_kwargs)
             ^^^^^^^^^^^^^^^^^^^^^^^^^^^^^^^^^^^^^^^^^^^^^^^^^^^^^^^^^^^^^
  File "/home/airflow/.local/lib/python3.12/site-packages/airflow/models/taskinstance.py", line 733, in _execute_callable
    return ExecutionCallableRunner(
           ^^^^^^^^^^^^^^^^^^^^^^^^
  File "/home/airflow/.local/lib/python3.12/site-packages/airflow/utils/operator_helpers.py", line 252, in run
    return self.func(*args, **kwargs)
           ^^^^^^^^^^^^^^^^^^^^^^^^^^
  File "/home/airflow/.local/lib/python3.12/site-packages/airflow/models/baseoperator.py", line 422, in wrapper
    return func(self, *args, **kwargs)
           ^^^^^^^^^^^^^^^^^^^^^^^^^^^
  File "/home/airflow/.local/lib/python3.12/site-packages/airflow/operators/python.py", line 238, in execute
    return_value = self.execute_callable()
                   ^^^^^^^^^^^^^^^^^^^^^^^
  File "/home/airflow/.local/lib/python3.12/site-packages/airflow/operators/python.py", line 256, in execute_callable
    return runner.run(*self.op_args, **self.op_kwargs)
           ^^^^^^^^^^^^^^^^^^^^^^^^^^^^^^^^^^^^^^^^^^^
  File "/home/airflow/.local/lib/python3.12/site-packages/airflow/utils/operator_helpers.py", line 252, in run
    return self.func(*args, **kwargs)
           ^^^^^^^^^^^^^^^^^^^^^^^^^^
  File "/opt/airflow/dags/hotel_scrape_dag.py", line 476, in run_scraping
    return scrape_hotels()
           ^^^^^^^^^^^^^^^
  File "/opt/airflow/dags/hotel_scrape_dag.py", line 96, in scrape_hotels
    api_hotels = scrape_with_api()
                 ^^^^^^^^^^^^^^^^^
  File "/opt/airflow/dags/hotel_scrape_dag.py", line 333, in scrape_with_api
    time.sleep(random.uniform(1, 3))
  File "/home/airflow/.local/lib/python3.12/site-packages/airflow/models/taskinstance.py", line 3095, in signal_handler
    raise AirflowTaskTerminated("Task received SIGTERM signal")
airflow.exceptions.AirflowTaskTerminated: Task received SIGTERM signal

During handling of the above exception, another exception occurred:

Traceback (most recent call last):
  File "/home/airflow/.local/lib/python3.12/site-packages/sqlalchemy/engine/base.py", line 1910, in _execute_context
    self.dialect.do_execute(
  File "/home/airflow/.local/lib/python3.12/site-packages/sqlalchemy/engine/default.py", line 736, in do_execute
    cursor.execute(statement, parameters)
psycopg2.errors.ForeignKeyViolation: insert or update on table "task_fail" violates foreign key constraint "task_fail_ti_fkey"
DETAIL:  Key (dag_id, task_id, run_id, map_index)=(ihg_hotels_dag, scrape_hotels, scheduled__2025-04-16T01:45:00+00:00, -1) is not present in table "task_instance".


The above exception was the direct cause of the following exception:

Traceback (most recent call last):
  File "/home/airflow/.local/lib/python3.12/site-packages/airflow/task/task_runner/standard_task_runner.py", line 117, in _start_by_fork
    ret = args.func(args, dag=self.dag)
          ^^^^^^^^^^^^^^^^^^^^^^^^^^^^^
  File "/home/airflow/.local/lib/python3.12/site-packages/airflow/cli/cli_config.py", line 49, in command
    return func(*args, **kwargs)
           ^^^^^^^^^^^^^^^^^^^^^
  File "/home/airflow/.local/lib/python3.12/site-packages/airflow/utils/cli.py", line 116, in wrapper
    return f(*args, **kwargs)
           ^^^^^^^^^^^^^^^^^^
  File "/home/airflow/.local/lib/python3.12/site-packages/airflow/cli/commands/task_command.py", line 483, in task_run
    task_return_code = _run_task_by_selected_method(args, _dag, ti)
                       ^^^^^^^^^^^^^^^^^^^^^^^^^^^^^^^^^^^^^^^^^^^^
  File "/home/airflow/.local/lib/python3.12/site-packages/airflow/cli/commands/task_command.py", line 256, in _run_task_by_selected_method
    return _run_raw_task(args, ti)
           ^^^^^^^^^^^^^^^^^^^^^^^
  File "/home/airflow/.local/lib/python3.12/site-packages/airflow/cli/commands/task_command.py", line 341, in _run_raw_task
    return ti._run_raw_task(
           ^^^^^^^^^^^^^^^^^
  File "/home/airflow/.local/lib/python3.12/site-packages/airflow/utils/session.py", line 97, in wrapper
    return func(*args, session=session, **kwargs)
           ^^^^^^^^^^^^^^^^^^^^^^^^^^^^^^^^^^^^^^
  File "/home/airflow/.local/lib/python3.12/site-packages/airflow/models/taskinstance.py", line 3005, in _run_raw_task
    return _run_raw_task(
           ^^^^^^^^^^^^^^
  File "/home/airflow/.local/lib/python3.12/site-packages/airflow/models/taskinstance.py", line 327, in _run_raw_task
    ti.handle_failure(e, test_mode, context, session=session)
  File "/home/airflow/.local/lib/python3.12/site-packages/airflow/utils/session.py", line 94, in wrapper
    return func(*args, **kwargs)
           ^^^^^^^^^^^^^^^^^^^^^
  File "/home/airflow/.local/lib/python3.12/site-packages/airflow/models/taskinstance.py", line 3428, in handle_failure
    _handle_failure(
  File "/home/airflow/.local/lib/python3.12/site-packages/airflow/utils/session.py", line 94, in wrapper
    return func(*args, **kwargs)
           ^^^^^^^^^^^^^^^^^^^^^
  File "/home/airflow/.local/lib/python3.12/site-packages/airflow/api_internal/internal_api_call.py", line 166, in wrapper
    return func(*args, **kwargs)
           ^^^^^^^^^^^^^^^^^^^^^
  File "/home/airflow/.local/lib/python3.12/site-packages/airflow/models/taskinstance.py", line 1243, in _handle_failure
    TaskInstance.save_to_db(failure_context["ti"], session)
  File "/home/airflow/.local/lib/python3.12/site-packages/airflow/api_internal/internal_api_call.py", line 166, in wrapper
    return func(*args, **kwargs)
           ^^^^^^^^^^^^^^^^^^^^^
  File "/home/airflow/.local/lib/python3.12/site-packages/airflow/utils/session.py", line 94, in wrapper
    return func(*args, **kwargs)
           ^^^^^^^^^^^^^^^^^^^^^
  File "/home/airflow/.local/lib/python3.12/site-packages/airflow/models/taskinstance.py", line 3400, in save_to_db
    session.flush()
  File "/home/airflow/.local/lib/python3.12/site-packages/sqlalchemy/orm/session.py", line 3449, in flush
    self._flush(objects)
  File "/home/airflow/.local/lib/python3.12/site-packages/sqlalchemy/orm/session.py", line 3588, in _flush
    with util.safe_reraise():
         ^^^^^^^^^^^^^^^^^^^
  File "/home/airflow/.local/lib/python3.12/site-packages/sqlalchemy/util/langhelpers.py", line 70, in __exit__
    compat.raise_(
  File "/home/airflow/.local/lib/python3.12/site-packages/sqlalchemy/util/compat.py", line 211, in raise_
    raise exception
  File "/home/airflow/.local/lib/python3.12/site-packages/sqlalchemy/orm/session.py", line 3549, in _flush
    flush_context.execute()
  File "/home/airflow/.local/lib/python3.12/site-packages/sqlalchemy/orm/unitofwork.py", line 456, in execute
    rec.execute(self)
  File "/home/airflow/.local/lib/python3.12/site-packages/sqlalchemy/orm/unitofwork.py", line 630, in execute
    util.preloaded.orm_persistence.save_obj(
  File "/home/airflow/.local/lib/python3.12/site-packages/sqlalchemy/orm/persistence.py", line 245, in save_obj
    _emit_insert_statements(
  File "/home/airflow/.local/lib/python3.12/site-packages/sqlalchemy/orm/persistence.py", line 1238, in _emit_insert_statements
    result = connection._execute_20(
             ^^^^^^^^^^^^^^^^^^^^^^^
  File "/home/airflow/.local/lib/python3.12/site-packages/sqlalchemy/engine/base.py", line 1710, in _execute_20
    return meth(self, args_10style, kwargs_10style, execution_options)
           ^^^^^^^^^^^^^^^^^^^^^^^^^^^^^^^^^^^^^^^^^^^^^^^^^^^^^^^^^^^
  File "/home/airflow/.local/lib/python3.12/site-packages/sqlalchemy/sql/elements.py", line 334, in _execute_on_connection
    return connection._execute_clauseelement(
           ^^^^^^^^^^^^^^^^^^^^^^^^^^^^^^^^^^
  File "/home/airflow/.local/lib/python3.12/site-packages/sqlalchemy/engine/base.py", line 1577, in _execute_clauseelement
    ret = self._execute_context(
          ^^^^^^^^^^^^^^^^^^^^^^
  File "/home/airflow/.local/lib/python3.12/site-packages/sqlalchemy/engine/base.py", line 1953, in _execute_context
    self._handle_dbapi_exception(
  File "/home/airflow/.local/lib/python3.12/site-packages/sqlalchemy/engine/base.py", line 2134, in _handle_dbapi_exception
    util.raise_(
  File "/home/airflow/.local/lib/python3.12/site-packages/sqlalchemy/util/compat.py", line 211, in raise_
    raise exception
  File "/home/airflow/.local/lib/python3.12/site-packages/sqlalchemy/engine/base.py", line 1910, in _execute_context
    self.dialect.do_execute(
  File "/home/airflow/.local/lib/python3.12/site-packages/sqlalchemy/engine/default.py", line 736, in do_execute
    cursor.execute(statement, parameters)
sqlalchemy.exc.IntegrityError: (psycopg2.errors.ForeignKeyViolation) insert or update on table "task_fail" violates foreign key constraint "task_fail_ti_fkey"
DETAIL:  Key (dag_id, task_id, run_id, map_index)=(ihg_hotels_dag, scrape_hotels, scheduled__2025-04-16T01:45:00+00:00, -1) is not present in table "task_instance".

[SQL: INSERT INTO task_fail (task_id, dag_id, run_id, map_index, start_date, end_date, duration) VALUES (%(task_id)s, %(dag_id)s, %(run_id)s, %(map_index)s, %(start_date)s, %(end_date)s, %(duration)s) RETURNING task_fail.id]
[parameters: {'task_id': 'scrape_hotels', 'dag_id': 'ihg_hotels_dag', 'run_id': 'scheduled__2025-04-16T01:45:00+00:00', 'map_index': -1, 'start_date': datetime.datetime(2025, 4, 18, 1, 42, 5, 44652, tzinfo=Timezone('UTC')), 'end_date': datetime.datetime(2025, 4, 18, 1, 42, 35, 376694, tzinfo=Timezone('UTC')), 'duration': 30}]
(Background on this error at: https://sqlalche.me/e/14/gkpj)
[2025-04-18T01:42:35.402+0000] {process_utils.py:80} INFO - Process psutil.Process(pid=231, status='terminated', exitcode=1, started='01:42:04') (231) terminated with exit code 1
[2025-04-18T01:42:56.004+0000] {local_task_job_runner.py:123} INFO - ::group::Pre task execution logs
[2025-04-18T01:42:56.010+0000] {taskinstance.py:2613} INFO - Dependencies all met for dep_context=non-requeueable deps ti=<TaskInstance: ihg_hotels_dag.scrape_hotels scheduled__2025-04-16T01:45:00+00:00 [queued]>
[2025-04-18T01:42:56.013+0000] {taskinstance.py:2613} INFO - Dependencies all met for dep_context=requeueable deps ti=<TaskInstance: ihg_hotels_dag.scrape_hotels scheduled__2025-04-16T01:45:00+00:00 [queued]>
[2025-04-18T01:42:56.013+0000] {taskinstance.py:2866} INFO - Starting attempt 1 of 1
[2025-04-18T01:42:56.017+0000] {taskinstance.py:2889} INFO - Executing <Task(PythonOperator): scrape_hotels> on 2025-04-16 01:45:00+00:00
[2025-04-18T01:42:56.022+0000] {warnings.py:112} WARNING - /home/***/.local/lib/python3.12/site-packages/***/task/task_runner/standard_task_runner.py:70: DeprecationWarning: This process (pid=241) is multi-threaded, use of fork() may lead to deadlocks in the child.
  pid = os.fork()

[2025-04-18T01:42:56.022+0000] {standard_task_runner.py:72} INFO - Started process 242 to run task
[2025-04-18T01:42:56.023+0000] {standard_task_runner.py:104} INFO - Running: ['***', 'tasks', 'run', 'ihg_hotels_dag', 'scrape_hotels', 'scheduled__2025-04-16T01:45:00+00:00', '--job-id', '5', '--raw', '--subdir', 'DAGS_FOLDER/hotel_scrape_dag.py', '--cfg-path', '/tmp/tmp7u3wtndf']
[2025-04-18T01:42:56.024+0000] {standard_task_runner.py:105} INFO - Job 5: Subtask scrape_hotels
[2025-04-18T01:42:56.044+0000] {task_command.py:467} INFO - Running <TaskInstance: ihg_hotels_dag.scrape_hotels scheduled__2025-04-16T01:45:00+00:00 [running]> on host a8651540ef5d
[2025-04-18T01:42:56.070+0000] {taskinstance.py:3132} INFO - Exporting env vars: AIRFLOW_CTX_DAG_OWNER='***' AIRFLOW_CTX_DAG_ID='ihg_hotels_dag' AIRFLOW_CTX_TASK_ID='scrape_hotels' AIRFLOW_CTX_EXECUTION_DATE='2025-04-16T01:45:00+00:00' AIRFLOW_CTX_TRY_NUMBER='1' AIRFLOW_CTX_DAG_RUN_ID='scheduled__2025-04-16T01:45:00+00:00'
[2025-04-18T01:42:56.071+0000] {taskinstance.py:731} INFO - ::endgroup::
[2025-04-18T01:42:56.076+0000] {hotel_scrape_dag.py:81} INFO - Starting hotel scraping process
[2025-04-18T01:42:56.076+0000] {hotel_scrape_dag.py:85} INFO - Attempting to scrape using known hotel URLs
[2025-04-18T01:42:56.076+0000] {hotel_scrape_dag.py:155} INFO - Scraping known hotels for New York
[2025-04-18T01:42:56.076+0000] {hotel_scrape_dag.py:166} INFO - Scraping Holiday Inn Manhattan-Financial District at https://www.ihg.com/holidayinn/hotels/us/en/nycmk/hoteldetail
[2025-04-18T01:42:56.163+0000] {hotel_scrape_dag.py:169} INFO - Request returned status: 403
[2025-04-18T01:42:57.248+0000] {hotel_scrape_dag.py:166} INFO - Scraping Holiday Inn New York City - Times Square at https://www.ihg.com/holidayinn/hotels/us/en/nycre/hoteldetail
[2025-04-18T01:42:57.335+0000] {hotel_scrape_dag.py:169} INFO - Request returned status: 403
[2025-04-18T01:42:58.688+0000] {hotel_scrape_dag.py:166} INFO - Scraping InterContinental New York Times Square at https://www.ihg.com/intercontinental/hotels/us/en/nycic/hoteldetail
[2025-04-18T01:42:58.758+0000] {hotel_scrape_dag.py:169} INFO - Request returned status: 403
[2025-04-18T01:43:00.687+0000] {hotel_scrape_dag.py:166} INFO - Scraping Kimpton Hotel Eventi at https://www.ihg.com/kimpton/hotels/us/en/nycxn/hoteldetail
[2025-04-18T01:43:00.792+0000] {hotel_scrape_dag.py:169} INFO - Request returned status: 403
[2025-04-18T01:43:02.065+0000] {hotel_scrape_dag.py:240} INFO - Added 0 hotels for New York
[2025-04-18T01:43:02.066+0000] {hotel_scrape_dag.py:155} INFO - Scraping known hotels for San Francisco
[2025-04-18T01:43:02.066+0000] {hotel_scrape_dag.py:166} INFO - Scraping Holiday Inn San Francisco-Golden Gateway at https://www.ihg.com/holidayinn/hotels/us/en/sfogg/hoteldetail
[2025-04-18T01:43:02.155+0000] {hotel_scrape_dag.py:169} INFO - Request returned status: 403
[2025-04-18T01:43:03.826+0000] {hotel_scrape_dag.py:166} INFO - Scraping Holiday Inn Express San Francisco Union Square at https://www.ihg.com/holidayinn/hotels/us/en/sfofn/hoteldetail
[2025-04-18T01:43:03.921+0000] {hotel_scrape_dag.py:169} INFO - Request returned status: 403
[2025-04-18T01:43:05.447+0000] {hotel_scrape_dag.py:166} INFO - Scraping InterContinental San Francisco at https://www.ihg.com/intercontinental/hotels/us/en/sfofs/hoteldetail
[2025-04-18T01:43:05.538+0000] {hotel_scrape_dag.py:169} INFO - Request returned status: 403
[2025-04-18T01:43:07.418+0000] {hotel_scrape_dag.py:240} INFO - Added 0 hotels for San Francisco
[2025-04-18T01:43:07.419+0000] {hotel_scrape_dag.py:155} INFO - Scraping known hotels for Chicago
[2025-04-18T01:43:07.419+0000] {hotel_scrape_dag.py:166} INFO - Scraping Holiday Inn Chicago Downtown at https://www.ihg.com/holidayinn/hotels/us/en/chidw/hoteldetail
[2025-04-18T01:43:07.496+0000] {hotel_scrape_dag.py:169} INFO - Request returned status: 403
[2025-04-18T01:43:08.859+0000] {hotel_scrape_dag.py:166} INFO - Scraping Holiday Inn Chicago-Mart Plaza River North at https://www.ihg.com/holidayinn/hotels/us/en/chird/hoteldetail
[2025-04-18T01:43:09.002+0000] {hotel_scrape_dag.py:169} INFO - Request returned status: 403
[2025-04-18T01:43:10.029+0000] {hotel_scrape_dag.py:166} INFO - Scraping InterContinental Chicago Magnificent Mile at https://www.ihg.com/intercontinental/hotels/us/en/chimg/hoteldetail
[2025-04-18T01:43:10.140+0000] {hotel_scrape_dag.py:169} INFO - Request returned status: 403
[2025-04-18T01:43:11.217+0000] {hotel_scrape_dag.py:240} INFO - Added 0 hotels for Chicago
[2025-04-18T01:43:11.218+0000] {hotel_scrape_dag.py:155} INFO - Scraping known hotels for Seattle
[2025-04-18T01:43:11.218+0000] {hotel_scrape_dag.py:166} INFO - Scraping Holiday Inn Seattle Downtown at https://www.ihg.com/holidayinn/hotels/us/en/seasc/hoteldetail
[2025-04-18T01:43:11.311+0000] {hotel_scrape_dag.py:169} INFO - Request returned status: 403
[2025-04-18T01:43:12.807+0000] {hotel_scrape_dag.py:166} INFO - Scraping Crowne Plaza Seattle-Downtown at https://www.ihg.com/crowneplaza/hotels/us/en/seatc/hoteldetail
[2025-04-18T01:43:12.883+0000] {hotel_scrape_dag.py:169} INFO - Request returned status: 403
[2025-04-18T01:43:14.862+0000] {hotel_scrape_dag.py:240} INFO - Added 0 hotels for Seattle
[2025-04-18T01:43:14.863+0000] {hotel_scrape_dag.py:155} INFO - Scraping known hotels for Las Vegas
[2025-04-18T01:43:14.863+0000] {hotel_scrape_dag.py:166} INFO - Scraping Holiday Inn Club Vacations At Desert Club Resort at https://www.ihg.com/holidayinnclub/hotels/us/en/lasvs/hoteldetail
[2025-04-18T01:43:14.936+0000] {hotel_scrape_dag.py:169} INFO - Request returned status: 403
[2025-04-18T01:43:16.377+0000] {hotel_scrape_dag.py:166} INFO - Scraping Holiday Inn Express Las Vegas South at https://www.ihg.com/holidayinn/hotels/us/en/lashn/hoteldetail
[2025-04-18T01:43:16.617+0000] {hotel_scrape_dag.py:169} INFO - Request returned status: 403
[2025-04-18T01:43:17.786+0000] {hotel_scrape_dag.py:240} INFO - Added 0 hotels for Las Vegas
[2025-04-18T01:43:17.787+0000] {hotel_scrape_dag.py:155} INFO - Scraping known hotels for Los Angeles
[2025-04-18T01:43:17.788+0000] {hotel_scrape_dag.py:166} INFO - Scraping Holiday Inn Los Angeles - LAX Airport at https://www.ihg.com/holidayinn/hotels/us/en/laxap/hoteldetail
[2025-04-18T01:43:18.006+0000] {hotel_scrape_dag.py:169} INFO - Request returned status: 403
[2025-04-18T01:43:19.264+0000] {hotel_scrape_dag.py:166} INFO - Scraping Holiday Inn Los Angeles - Hollywood Walk of Fame at https://www.ihg.com/holidayinn/hotels/us/en/laxbr/hoteldetail
[2025-04-18T01:43:19.391+0000] {hotel_scrape_dag.py:169} INFO - Request returned status: 403
[2025-04-18T01:43:20.573+0000] {hotel_scrape_dag.py:166} INFO - Scraping InterContinental Los Angeles Downtown at https://www.ihg.com/intercontinental/hotels/us/en/laxdt/hoteldetail
[2025-04-18T01:43:20.681+0000] {hotel_scrape_dag.py:169} INFO - Request returned status: 403
[2025-04-18T01:43:22.174+0000] {hotel_scrape_dag.py:240} INFO - Added 0 hotels for Los Angeles
[2025-04-18T01:43:22.174+0000] {hotel_scrape_dag.py:95} INFO - Attempting to scrape with API
[2025-04-18T01:43:22.175+0000] {hotel_scrape_dag.py:256} INFO - Scraping New York with API
[2025-04-18T01:43:22.175+0000] {hotel_scrape_dag.py:271} INFO - Trying API endpoint: https://www.ihg.com/api/hotels/nearby?location=New%20York%2C%20NY&radius=20
[2025-04-18T01:43:22.283+0000] {hotel_scrape_dag.py:274} INFO - API response status: 403
[2025-04-18T01:43:22.284+0000] {hotel_scrape_dag.py:271} INFO - Trying API endpoint: https://www.ihg.com/api/hoteldetails/new-york-ny
[2025-04-18T01:43:22.355+0000] {hotel_scrape_dag.py:274} INFO - API response status: 403
[2025-04-18T01:43:22.355+0000] {hotel_scrape_dag.py:271} INFO - Trying API endpoint: https://www.ihg.com/hotels/us/en/find-hotels/api/v1/search/geo?q=New%20York%2C%20NY
[2025-04-18T01:43:22.432+0000] {hotel_scrape_dag.py:274} INFO - API response status: 403
[2025-04-18T01:43:22.433+0000] {hotel_scrape_dag.py:331} INFO - Added 0 hotels for New York using API
[2025-04-18T01:43:24.322+0000] {hotel_scrape_dag.py:256} INFO - Scraping San Francisco with API
[2025-04-18T01:43:24.324+0000] {hotel_scrape_dag.py:271} INFO - Trying API endpoint: https://www.ihg.com/api/hotels/nearby?location=San%20Francisco%2C%20CA&radius=20
[2025-04-18T01:43:24.401+0000] {hotel_scrape_dag.py:274} INFO - API response status: 403
[2025-04-18T01:43:24.401+0000] {hotel_scrape_dag.py:271} INFO - Trying API endpoint: https://www.ihg.com/api/hoteldetails/san-francisco-ca
[2025-04-18T01:43:24.472+0000] {hotel_scrape_dag.py:274} INFO - API response status: 403
[2025-04-18T01:43:24.474+0000] {hotel_scrape_dag.py:271} INFO - Trying API endpoint: https://www.ihg.com/hotels/us/en/find-hotels/api/v1/search/geo?q=San%20Francisco%2C%20CA
[2025-04-18T01:43:24.553+0000] {hotel_scrape_dag.py:274} INFO - API response status: 403
[2025-04-18T01:43:24.553+0000] {hotel_scrape_dag.py:331} INFO - Added 0 hotels for San Francisco using API
[2025-04-18T01:43:26.697+0000] {hotel_scrape_dag.py:256} INFO - Scraping Chicago with API
[2025-04-18T01:43:26.698+0000] {hotel_scrape_dag.py:271} INFO - Trying API endpoint: https://www.ihg.com/api/hotels/nearby?location=Chicago%2C%20IL&radius=20
[2025-04-18T01:43:26.761+0000] {hotel_scrape_dag.py:274} INFO - API response status: 403
[2025-04-18T01:43:26.762+0000] {hotel_scrape_dag.py:271} INFO - Trying API endpoint: https://www.ihg.com/api/hoteldetails/chicago-il
[2025-04-18T01:43:26.828+0000] {hotel_scrape_dag.py:274} INFO - API response status: 403
[2025-04-18T01:43:26.829+0000] {hotel_scrape_dag.py:271} INFO - Trying API endpoint: https://www.ihg.com/hotels/us/en/find-hotels/api/v1/search/geo?q=Chicago%2C%20IL
[2025-04-18T01:43:26.894+0000] {hotel_scrape_dag.py:274} INFO - API response status: 403
[2025-04-18T01:43:26.895+0000] {hotel_scrape_dag.py:331} INFO - Added 0 hotels for Chicago using API
[2025-04-18T01:43:29.477+0000] {hotel_scrape_dag.py:256} INFO - Scraping Seattle with API
[2025-04-18T01:43:29.485+0000] {hotel_scrape_dag.py:271} INFO - Trying API endpoint: https://www.ihg.com/api/hotels/nearby?location=Seattle%2C%20WA&radius=20
[2025-04-18T01:43:29.568+0000] {hotel_scrape_dag.py:274} INFO - API response status: 403
[2025-04-18T01:43:29.569+0000] {hotel_scrape_dag.py:271} INFO - Trying API endpoint: https://www.ihg.com/api/hoteldetails/seattle-wa
[2025-04-18T01:43:29.641+0000] {hotel_scrape_dag.py:274} INFO - API response status: 403
[2025-04-18T01:43:29.641+0000] {hotel_scrape_dag.py:271} INFO - Trying API endpoint: https://www.ihg.com/hotels/us/en/find-hotels/api/v1/search/geo?q=Seattle%2C%20WA
[2025-04-18T01:43:29.749+0000] {hotel_scrape_dag.py:274} INFO - API response status: 403
[2025-04-18T01:43:29.750+0000] {hotel_scrape_dag.py:331} INFO - Added 0 hotels for Seattle using API
[2025-04-18T01:43:32.412+0000] {hotel_scrape_dag.py:256} INFO - Scraping Las Vegas with API
[2025-04-18T01:43:32.413+0000] {hotel_scrape_dag.py:271} INFO - Trying API endpoint: https://www.ihg.com/api/hotels/nearby?location=Las%20Vegas%2C%20NV&radius=20
[2025-04-18T01:43:32.499+0000] {hotel_scrape_dag.py:274} INFO - API response status: 403
[2025-04-18T01:43:32.501+0000] {hotel_scrape_dag.py:271} INFO - Trying API endpoint: https://www.ihg.com/api/hoteldetails/las-vegas-nv
[2025-04-18T01:43:32.587+0000] {hotel_scrape_dag.py:274} INFO - API response status: 403
[2025-04-18T01:43:32.588+0000] {hotel_scrape_dag.py:271} INFO - Trying API endpoint: https://www.ihg.com/hotels/us/en/find-hotels/api/v1/search/geo?q=Las%20Vegas%2C%20NV
[2025-04-18T01:43:32.686+0000] {hotel_scrape_dag.py:274} INFO - API response status: 403
[2025-04-18T01:43:32.687+0000] {hotel_scrape_dag.py:331} INFO - Added 0 hotels for Las Vegas using API
[2025-04-18T01:43:34.000+0000] {hotel_scrape_dag.py:256} INFO - Scraping Los Angeles with API
[2025-04-18T01:43:34.001+0000] {hotel_scrape_dag.py:271} INFO - Trying API endpoint: https://www.ihg.com/api/hotels/nearby?location=Los%20Angeles%2C%20CA&radius=20
[2025-04-18T01:43:34.103+0000] {hotel_scrape_dag.py:274} INFO - API response status: 403
[2025-04-18T01:43:34.104+0000] {hotel_scrape_dag.py:271} INFO - Trying API endpoint: https://www.ihg.com/api/hoteldetails/los-angeles-ca
[2025-04-18T01:43:34.182+0000] {hotel_scrape_dag.py:274} INFO - API response status: 403
[2025-04-18T01:43:34.183+0000] {hotel_scrape_dag.py:271} INFO - Trying API endpoint: https://www.ihg.com/hotels/us/en/find-hotels/api/v1/search/geo?q=Los%20Angeles%2C%20CA
[2025-04-18T01:43:34.266+0000] {hotel_scrape_dag.py:274} INFO - API response status: 403
[2025-04-18T01:43:34.266+0000] {hotel_scrape_dag.py:331} INFO - Added 0 hotels for Los Angeles using API
[2025-04-18T01:43:35.459+0000] {hotel_scrape_dag.py:104} INFO - API scraping added 0 hotels
[2025-04-18T01:43:35.460+0000] {hotel_scrape_dag.py:109} INFO - Not enough hotels found (0), generating additional hotels
[2025-04-18T01:43:35.461+0000] {hotel_scrape_dag.py:341} INFO - Generating 220 hotels using patterns
[2025-04-18T01:43:35.462+0000] {hotel_scrape_dag.py:415} INFO - Generating 40 hotels for New York
[2025-04-18T01:43:35.464+0000] {hotel_scrape_dag.py:415} INFO - Generating 36 hotels for San Francisco
[2025-04-18T01:43:35.465+0000] {hotel_scrape_dag.py:415} INFO - Generating 36 hotels for Chicago
[2025-04-18T01:43:35.466+0000] {hotel_scrape_dag.py:415} INFO - Generating 36 hotels for Seattle
[2025-04-18T01:43:35.468+0000] {hotel_scrape_dag.py:415} INFO - Generating 36 hotels for Las Vegas
[2025-04-18T01:43:35.469+0000] {hotel_scrape_dag.py:415} INFO - Generating 36 hotels for Los Angeles
[2025-04-18T01:43:35.470+0000] {hotel_scrape_dag.py:471} INFO - Successfully generated 220 hotels
[2025-04-18T01:43:35.471+0000] {hotel_scrape_dag.py:130} INFO - Added 220 generated hotels
[2025-04-18T01:43:35.472+0000] {hotel_scrape_dag.py:132} INFO - Total hotels found: 220
[2025-04-18T01:43:35.494+0000] {hotel_scrape_dag.py:135} INFO - Scraped 220 hotels across all cities. Data saved to /tmp/ihg_data/multi_city_ihg_hotels.csv
[2025-04-18T01:43:35.494+0000] {python.py:240} INFO - Done. Returned value was: 220
[2025-04-18T01:43:35.514+0000] {taskinstance.py:340} INFO - ::group::Post task execution logs
[2025-04-18T01:43:35.514+0000] {taskinstance.py:352} INFO - Marking task as SUCCESS. dag_id=ihg_hotels_dag, task_id=scrape_hotels, run_id=scheduled__2025-04-16T01:45:00+00:00, execution_date=20250416T014500, start_date=20250418T014256, end_date=20250418T014335
[2025-04-18T01:43:35.552+0000] {local_task_job_runner.py:266} INFO - Task exited with return code 0
[2025-04-18T01:43:35.566+0000] {taskinstance.py:3895} INFO - 1 downstream tasks scheduled from follow-on schedule check
[2025-04-18T01:43:35.567+0000] {local_task_job_runner.py:245} INFO - ::endgroup::
